<?xml version="1.0" encoding="UTF-8"?>
<!-- Generated by org.testng.reporters.JUnitReportReporter -->
<testsuite name="com.learnautomation.testcases.LoginTestCRM" tests="1" time="1.348" ignored="0" failures="0" timestamp="17 Jan 2021 21:18:42 GMT" skipped="0" hostname="CSNB0595" errors="0">
  <testcase name="loginApp" time="1.348" classname="com.learnautomation.testcases.LoginTestCRM"/>
</testsuite> <!-- com.learnautomation.testcases.LoginTestCRM -->
